<?xml version="1.0" encoding="UTF-8"?>
<testng-results ignored="0" total="1" passed="1" failed="0" skipped="0">
  <reporter-output>
  </reporter-output>
  <suite started-at="2022-11-14T12:48:43 EST" name="Default suite" finished-at="2022-11-14T12:48:56 EST" duration-ms="13930">
    <groups>
    </groups>
    <test started-at="2022-11-14T12:48:43 EST" name="Default test" finished-at="2022-11-14T12:48:56 EST" duration-ms="13930">
      <class name="nov13th_recording.Recording">
        <test-method signature="Rediff()[pri:0, instance:nov13th_recording.Recording@209da20d]" started-at="2022-11-14T12:48:43 EST" name="Rediff" finished-at="2022-11-14T12:48:56 EST" duration-ms="13901" status="PASS">
          <reporter-output>
          </reporter-output>
        </test-method> <!-- Rediff -->
      </class> <!-- nov13th_recording.Recording -->
    </test> <!-- Default test -->
  </suite> <!-- Default suite -->
</testng-results>
